2018-06-29T17:08:41.347Z - normal: Load ~/.CocosCreator/settings.json
2018-06-29T17:08:41.358Z - normal: checking language setting...
2018-06-29T17:08:41.359Z - normal: Language: zh
2018-06-29T17:08:44.633Z - success: protocol editor-framework registered
2018-06-29T17:08:44.634Z - success: protocol app registered
2018-06-29T17:08:44.634Z - success: protocol theme registered
2018-06-29T17:08:44.634Z - success: protocol packages registered
2018-06-29T17:08:44.634Z - success: protocol unpack registerred
2018-06-29T17:08:44.634Z - success: protocol disable-commonjs registerred
2018-06-29T17:08:47.627Z - normal: failed to connect login server due to request timeout
2018-06-29T17:08:47.633Z - normal: Check project F:\web_xiangqi
2018-06-29T17:08:47.639Z - normal: Initializing Cocos2d
2018-06-29T17:08:48.365Z - normal: Initializing Asset Database
2018-06-29T17:08:48.458Z - success: protocol uuid registerred
2018-06-29T17:08:48.458Z - success: protocol db registerred
2018-06-29T17:08:48.459Z - success: protocol thumbnail registerred
2018-06-29T17:08:48.460Z - normal: Loading editor/builtin packages
2018-06-29T17:08:48.512Z - success: anysdk loaded
2018-06-29T17:08:48.857Z - success: assets loaded
2018-06-29T17:08:48.863Z - success: builder loaded
2018-06-29T17:08:48.871Z - success: cocos-analytics loaded
2018-06-29T17:08:48.881Z - success: console loaded
2018-06-29T17:08:49.001Z - success: fb-instant-games loaded
2018-06-29T17:08:49.008Z - success: hierarchy loaded
2018-06-29T17:08:49.014Z - success: inspector loaded
2018-06-29T17:08:49.018Z - success: keystore loaded
2018-06-29T17:08:49.025Z - success: node-library loaded
2018-06-29T17:08:49.029Z - success: package-asset loaded
2018-06-29T17:08:49.036Z - success: preferences loaded
2018-06-29T17:08:49.041Z - success: project-exporter loaded
2018-06-29T17:08:49.083Z - success: project-importer loaded
2018-06-29T17:08:49.087Z - success: project-settings loaded
2018-06-29T17:08:49.092Z - success: ui-kit loaded
2018-06-29T17:08:49.095Z - success: ui-grid loaded
2018-06-29T17:08:49.103Z - success: scene loaded
2018-06-29T17:08:49.106Z - success: sprite-editor loaded
2018-06-29T17:08:49.113Z - success: store loaded
2018-06-29T17:08:49.123Z - success: timeline loaded
2018-06-29T17:08:49.124Z - normal: Loading builtin packages
2018-06-29T17:08:49.145Z - success: asset-db-debugger loaded
2018-06-29T17:08:49.148Z - success: code-editor loaded
2018-06-29T17:08:49.150Z - success: color-picker loaded
2018-06-29T17:08:49.155Z - success: package-manager loaded
2018-06-29T17:08:49.168Z - success: sdkbox loaded
2018-06-29T17:08:49.174Z - success: tester loaded
2018-06-29T17:08:49.177Z - success: ui-kit-preview-extra loaded
2018-06-29T17:08:49.180Z - success: ui-kit-preview loaded
2018-06-29T17:08:49.183Z - success: ui-tree loaded
2018-06-29T17:08:52.530Z - normal: Initializing project F:\web_xiangqi
2018-06-29T17:08:52.592Z - normal: Loading packages
2018-06-29T17:08:52.606Z - normal: Watching packages
2018-06-29T17:08:52.636Z - normal: Run Application
2018-06-29T17:08:54.058Z - success: preview server running at http://localhost:7456
2018-06-29T17:09:06.755Z - normal: 1.9.1
2018-06-29T17:25:38.747Z - info: shutdown preview server
